cl : command line  warning D9035: option 'Gm' has been deprecated and will be removed in a future release
  logging.cc
C:\Users\alber\ws\prj\playasa\playasa\src\Source\base\logging.cc(7,45): warning C4356: 'LazyInstanceImpl<LogController>::m_instance': static data member cannot be initialized via derived class
C:\Users\alber\ws\prj\playasa\playasa\src\Source\base\logging.cc(14,2): error C2664: 'DWORD GetModuleFileNameA(HMODULE,LPSTR,DWORD)': cannot convert argument 2 from 'wchar_t [260]' to 'LPSTR'
      C:\Users\alber\ws\prj\playasa\playasa\src\Source\base\logging.cc(14,26):
      Types pointed to are unrelated; conversion requires reinterpret_cast, C-style cast or parenthesized function-style cast
      C:\Program Files (x86)\Windows Kits\10\Include\10.0.26100.0\um\libloaderapi.h(208,1):
      see declaration of 'GetModuleFileNameA'
      C:\Users\alber\ws\prj\playasa\playasa\src\Source\base\logging.cc(14,2):
      while trying to match the argument list '(int, wchar_t [260], int)'
  
  Strings.cc
C:\Users\alber\ws\prj\playasa\playasa\src\Source\base\Strings.h(13,37): error C2039: 'wstring': is not a member of 'std'
  (compiling source file '../../Source/base/Strings.cc')
      C:\Program Files\Microsoft Visual Studio\18\Community\VC\Tools\MSVC\14.50.35717\include\vector(29,1):
      see declaration of 'std'
  
C:\Users\alber\ws\prj\playasa\playasa\src\Source\base\Strings.h(13,37): error C2065: 'wstring': undeclared identifier
  (compiling source file '../../Source/base/Strings.cc')
  
C:\Users\alber\ws\prj\playasa\playasa\src\Source\base\Strings.h(13,25): error C2923: 'std::vector': 'wstring' is not a valid template type argument for parameter '_Ty'
  (compiling source file '../../Source/base/Strings.cc')
      C:\Users\alber\ws\prj\playasa\playasa\src\Source\base\Strings.h(13,37):
      see declaration of 'wstring'
  
C:\Users\alber\ws\prj\playasa\playasa\src\Source\base\Strings.h(13,25): error C2976: 'std::vector': too few template arguments
  (compiling source file '../../Source/base/Strings.cc')
      C:\Program Files\Microsoft Visual Studio\18\Community\VC\Tools\MSVC\14.50.35717\include\vector(442,7):
      see declaration of 'std::vector'
  
C:\Users\alber\ws\prj\playasa\playasa\src\Source\base\Strings.h(14,15): error C2039: 'wstring': is not a member of 'std'
  (compiling source file '../../Source/base/Strings.cc')
      C:\Program Files\Microsoft Visual Studio\18\Community\VC\Tools\MSVC\14.50.35717\include\vector(29,1):
      see declaration of 'std'
  
C:\Users\alber\ws\prj\playasa\playasa\src\Source\base\Strings.h(14,23): error C3646: 'StringToWString': unknown override specifier
  (compiling source file '../../Source/base/Strings.cc')
  
C:\Users\alber\ws\prj\playasa\playasa\src\Source\base\Strings.h(14,39): error C2059: syntax error: 'const'
  (compiling source file '../../Source/base/Strings.cc')
  
C:\Users\alber\ws\prj\playasa\playasa\src\Source\base\Strings.h(14,50): error C2039: 'string': is not a member of 'std'
  (compiling source file '../../Source/base/Strings.cc')
      C:\Program Files\Microsoft Visual Studio\18\Community\VC\Tools\MSVC\14.50.35717\include\vector(29,1):
      see declaration of 'std'
  
C:\Users\alber\ws\prj\playasa\playasa\src\Source\base\Strings.h(14,60): error C2238: unexpected token(s) preceding ';'
  (compiling source file '../../Source/base/Strings.cc')
  
C:\Users\alber\ws\prj\playasa\playasa\src\Source\base\Strings.h(15,15): error C2039: 'string': is not a member of 'std'
  (compiling source file '../../Source/base/Strings.cc')
      C:\Program Files\Microsoft Visual Studio\18\Community\VC\Tools\MSVC\14.50.35717\include\vector(29,1):
      see declaration of 'std'
  
C:\Users\alber\ws\prj\playasa\playasa\src\Source\base\Strings.h(15,22): error C3646: 'WStringToString': unknown override specifier
  (compiling source file '../../Source/base/Strings.cc')
  
C:\Users\alber\ws\prj\playasa\playasa\src\Source\base\Strings.h(15,38): error C2059: syntax error: 'const'
  (compiling source file '../../Source/base/Strings.cc')
  
C:\Users\alber\ws\prj\playasa\playasa\src\Source\base\Strings.h(15,49): error C2039: 'wstring': is not a member of 'std'
  (compiling source file '../../Source/base/Strings.cc')
      C:\Program Files\Microsoft Visual Studio\18\Community\VC\Tools\MSVC\14.50.35717\include\vector(29,1):
      see declaration of 'std'
  
C:\Users\alber\ws\prj\playasa\playasa\src\Source\base\Strings.h(15,60): error C2238: unexpected token(s) preceding ';'
  (compiling source file '../../Source/base/Strings.cc')
  
C:\Users\alber\ws\prj\playasa\playasa\src\Source\base\Strings.h(16,15): error C2039: 'wstring': is not a member of 'std'
  (compiling source file '../../Source/base/Strings.cc')
      C:\Program Files\Microsoft Visual Studio\18\Community\VC\Tools\MSVC\14.50.35717\include\vector(29,1):
      see declaration of 'std'
  
C:\Users\alber\ws\prj\playasa\playasa\src\Source\base\Strings.h(16,23): error C3646: 'Utf8StringToWString': unknown override specifier
  (compiling source file '../../Source/base/Strings.cc')
  
C:\Users\alber\ws\prj\playasa\playasa\src\Source\base\Strings.h(16,43): error C2059: syntax error: 'const'
  (compiling source file '../../Source/base/Strings.cc')
  
C:\Users\alber\ws\prj\playasa\playasa\src\Source\base\Strings.h(16,54): error C2039: 'string': is not a member of 'std'
  (compiling source file '../../Source/base/Strings.cc')
      C:\Program Files\Microsoft Visual Studio\18\Community\VC\Tools\MSVC\14.50.35717\include\vector(29,1):
      see declaration of 'std'
  
C:\Users\alber\ws\prj\playasa\playasa\src\Source\base\Strings.h(16,64): error C2238: unexpected token(s) preceding ';'
  (compiling source file '../../Source/base/Strings.cc')
  
C:\Users\alber\ws\prj\playasa\playasa\src\Source\base\Strings.h(17,15): error C2039: 'string': is not a member of 'std'
  (compiling source file '../../Source/base/Strings.cc')
      C:\Program Files\Microsoft Visual Studio\18\Community\VC\Tools\MSVC\14.50.35717\include\vector(29,1):
      see declaration of 'std'
  
C:\Users\alber\ws\prj\playasa\playasa\src\Source\base\Strings.h(17,22): error C3646: 'WStringToUtf8String': unknown override specifier
  (compiling source file '../../Source/base/Strings.cc')
  
C:\Users\alber\ws\prj\playasa\playasa\src\Source\base\Strings.h(17,42): error C2059: syntax error: 'const'
  (compiling source file '../../Source/base/Strings.cc')
  
C:\Users\alber\ws\prj\playasa\playasa\src\Source\base\Strings.h(17,53): error C2039: 'wstring': is not a member of 'std'
  (compiling source file '../../Source/base/Strings.cc')
      C:\Program Files\Microsoft Visual Studio\18\Community\VC\Tools\MSVC\14.50.35717\include\vector(29,1):
      see declaration of 'std'
  
C:\Users\alber\ws\prj\playasa\playasa\src\Source\base\Strings.h(17,64): error C2238: unexpected token(s) preceding ';'
  (compiling source file '../../Source/base/Strings.cc')
  
C:\Users\alber\ws\prj\playasa\playasa\src\Source\base\Strings.h(18,25): error C2039: 'wstring': is not a member of 'std'
  (compiling source file '../../Source/base/Strings.cc')
      C:\Program Files\Microsoft Visual Studio\18\Community\VC\Tools\MSVC\14.50.35717\include\vector(29,1):
      see declaration of 'std'
  
C:\Users\alber\ws\prj\playasa\playasa\src\Source\base\Strings.h(18,25): error C2061: syntax error: identifier 'wstring'
  (compiling source file '../../Source/base/Strings.cc')
  
C:\Users\alber\ws\prj\playasa\playasa\src\Source\base\Strings.h(19,15): error C2039: 'wstring': is not a member of 'std'
  (compiling source file '../../Source/base/Strings.cc')
      C:\Program Files\Microsoft Visual Studio\18\Community\VC\Tools\MSVC\14.50.35717\include\vector(29,1):
      see declaration of 'std'
  
C:\Users\alber\ws\prj\playasa\playasa\src\Source\base\Strings.h(19,23): error C3646: 'ResourceString': unknown override specifier
  (compiling source file '../../Source/base/Strings.cc')
  
C:\Users\alber\ws\prj\playasa\playasa\src\Source\base\Strings.h(19,38): error C2062: type 'int' unexpected
  (compiling source file '../../Source/base/Strings.cc')
  
C:\Users\alber\ws\prj\playasa\playasa\src\Source\base\Strings.h(19,45): error C2238: unexpected token(s) preceding ';'
  (compiling source file '../../Source/base/Strings.cc')
  
C:\Users\alber\ws\prj\playasa\playasa\src\Source\base\Strings.h(20,15): error C2039: 'wstring': is not a member of 'std'
  (compiling source file '../../Source/base/Strings.cc')
      C:\Program Files\Microsoft Visual Studio\18\Community\VC\Tools\MSVC\14.50.35717\include\vector(29,1):
      see declaration of 'std'
  
C:\Users\alber\ws\prj\playasa\playasa\src\Source\base\Strings.h(20,23): error C3646: 'Format': unknown override specifier
  (compiling source file '../../Source/base/Strings.cc')
  
C:\Users\alber\ws\prj\playasa\playasa\src\Source\base\Strings.h(20,30): error C2059: syntax error: 'const'
  (compiling source file '../../Source/base/Strings.cc')
  
C:\Users\alber\ws\prj\playasa\playasa\src\Source\base\Strings.h(20,57): error C2238: unexpected token(s) preceding ';'
  (compiling source file '../../Source/base/Strings.cc')
  
C:\Users\alber\ws\prj\playasa\playasa\src\Source\base\Strings.cc(7,19): error C2039: 'wstring': is not a member of 'std'
      C:\Program Files\Microsoft Visual Studio\18\Community\VC\Tools\MSVC\14.50.35717\include\vector(29,1):
      see declaration of 'std'
  
C:\Users\alber\ws\prj\playasa\playasa\src\Source\base\Strings.cc(7,19): error C2065: 'wstring': undeclared identifier
C:\Users\alber\ws\prj\playasa\playasa\src\Source\base\Strings.cc(7,7): error C2923: 'std::vector': 'wstring' is not a valid template type argument for parameter '_Ty'
      C:\Users\alber\ws\prj\playasa\playasa\src\Source\base\Strings.cc(7,19):
      see declaration of 'wstring'
  
C:\Users\alber\ws\prj\playasa\playasa\src\Source\base\Strings.cc(7,7): error C2976: 'std::vector': too few template arguments
      C:\Program Files\Microsoft Visual Studio\18\Community\VC\Tools\MSVC\14.50.35717\include\vector(442,7):
      see declaration of 'std::vector'
  
C:\Users\alber\ws\prj\playasa\playasa\src\Source\base\Strings.cc(11,15): error C2664: 'int lstrlenA(LPCSTR)': cannot convert argument 1 from 'const wchar_t *' to 'LPCSTR'
      C:\Users\alber\ws\prj\playasa\playasa\src\Source\base\Strings.cc(11,23):
      Types pointed to are unrelated; conversion requires reinterpret_cast, C-style cast or parenthesized function-style cast
      C:\Program Files (x86)\Windows Kits\10\Include\10.0.26100.0\um\winbase.h(2912,1):
      see declaration of 'lstrlenA'
      C:\Users\alber\ws\prj\playasa\playasa\src\Source\base\Strings.cc(11,15):
      while trying to match the argument list '(const wchar_t *)'
  
C:\Users\alber\ws\prj\playasa\playasa\src\Source\base\Strings.cc(12,14): error C2664: 'int lstrlenA(LPCSTR)': cannot convert argument 1 from 'const wchar_t *' to 'LPCSTR'
      C:\Users\alber\ws\prj\playasa\playasa\src\Source\base\Strings.cc(12,22):
      Types pointed to are unrelated; conversion requires reinterpret_cast, C-style cast or parenthesized function-style cast
      C:\Program Files (x86)\Windows Kits\10\Include\10.0.26100.0\um\winbase.h(2912,1):
      see declaration of 'lstrlenA'
      C:\Users\alber\ws\prj\playasa\playasa\src\Source\base\Strings.cc(12,14):
      while trying to match the argument list '(const wchar_t *)'
  
C:\Users\alber\ws\prj\playasa\playasa\src\Source\base\Strings.cc(35,8): error C2039: 'wstring': is not a member of 'std'
      C:\Program Files\Microsoft Visual Studio\18\Community\VC\Tools\MSVC\14.50.35717\include\vector(29,1):
      see declaration of 'std'
  
C:\Users\alber\ws\prj\playasa\playasa\src\Source\base\Strings.cc(35,8): error C2065: 'wstring': undeclared identifier
C:\Users\alber\ws\prj\playasa\playasa\src\Source\base\Strings.cc(35,16): error C2146: syntax error: missing ';' before identifier 's'
C:\Users\alber\ws\prj\playasa\playasa\src\Source\base\Strings.cc(35,16): error C2065: 's': undeclared identifier
C:\Users\alber\ws\prj\playasa\playasa\src\Source\base\Strings.cc(37,4): error C2065: 's': undeclared identifier
C:\Users\alber\ws\prj\playasa\playasa\src\Source\base\Strings.cc(44,6): error C2065: 's': undeclared identifier
C:\Users\alber\ws\prj\playasa\playasa\src\Source\base\Strings.cc(46,6): error C2065: 's': undeclared identifier
C:\Users\alber\ws\prj\playasa\playasa\src\Source\base\Strings.cc(49,23): error C2065: 's': undeclared identifier
C:\Users\alber\ws\prj\playasa\playasa\src\Source\base\Strings.cc(55,6): error C2039: 'wstring': is not a member of 'std'
      C:\Program Files\Microsoft Visual Studio\18\Community\VC\Tools\MSVC\14.50.35717\include\vector(29,1):
      see declaration of 'std'
  
C:\Users\alber\ws\prj\playasa\playasa\src\Source\base\Strings.cc(55,23): error C2039: 'StringToWString': is not a member of 'Strings'
      C:\Users\alber\ws\prj\playasa\playasa\src\Source\base\Strings.h(9,7):
      see declaration of 'Strings'
  
C:\Users\alber\ws\prj\playasa\playasa\src\Source\base\Strings.cc(55,6): error C4430: missing type specifier - int assumed. Note: C++ does not support default-int
C:\Users\alber\ws\prj\playasa\playasa\src\Source\base\Strings.cc(55,23): error C2146: syntax error: missing ';' before identifier 'StringToWString'
C:\Users\alber\ws\prj\playasa\playasa\src\Source\base\Strings.cc(55,50): error C2039: 'string': is not a member of 'std'
      C:\Program Files\Microsoft Visual Studio\18\Community\VC\Tools\MSVC\14.50.35717\include\vector(29,1):
      see declaration of 'std'
  
C:\Users\alber\ws\prj\playasa\playasa\src\Source\base\Strings.cc(56,1): error C2143: syntax error: missing ';' before '{'
C:\Users\alber\ws\prj\playasa\playasa\src\Source\base\Strings.cc(56,1): error C2447: '{': missing function header (old-style formal list?)
C:\Users\alber\ws\prj\playasa\playasa\src\Source\base\Strings.cc(68,6): error C2039: 'string': is not a member of 'std'
      C:\Program Files\Microsoft Visual Studio\18\Community\VC\Tools\MSVC\14.50.35717\include\vector(29,1):
      see declaration of 'std'
  
C:\Users\alber\ws\prj\playasa\playasa\src\Source\base\Strings.cc(68,22): error C2039: 'WStringToString': is not a member of 'Strings'
      C:\Users\alber\ws\prj\playasa\playasa\src\Source\base\Strings.h(9,7):
      see declaration of 'Strings'
  
C:\Users\alber\ws\prj\playasa\playasa\src\Source\base\Strings.cc(68,6): error C4430: missing type specifier - int assumed. Note: C++ does not support default-int
C:\Users\alber\ws\prj\playasa\playasa\src\Source\base\Strings.cc(68,22): error C2146: syntax error: missing ';' before identifier 'WStringToString'
C:\Users\alber\ws\prj\playasa\playasa\src\Source\base\Strings.cc(68,49): error C2039: 'wstring': is not a member of 'std'
      C:\Program Files\Microsoft Visual Studio\18\Community\VC\Tools\MSVC\14.50.35717\include\vector(29,1):
      see declaration of 'std'
  
C:\Users\alber\ws\prj\playasa\playasa\src\Source\base\Strings.cc(69,1): error C2143: syntax error: missing ';' before '{'
C:\Users\alber\ws\prj\playasa\playasa\src\Source\base\Strings.cc(69,1): error C2447: '{': missing function header (old-style formal list?)
C:\Users\alber\ws\prj\playasa\playasa\src\Source\base\Strings.cc(83,6): error C2039: 'wstring': is not a member of 'std'
      C:\Program Files\Microsoft Visual Studio\18\Community\VC\Tools\MSVC\14.50.35717\include\vector(29,1):
      see declaration of 'std'
  
C:\Users\alber\ws\prj\playasa\playasa\src\Source\base\Strings.cc(83,23): error C2039: 'Utf8StringToWString': is not a member of 'Strings'
      C:\Users\alber\ws\prj\playasa\playasa\src\Source\base\Strings.h(9,7):
      see declaration of 'Strings'
  
C:\Users\alber\ws\prj\playasa\playasa\src\Source\base\Strings.cc(83,6): error C4430: missing type specifier - int assumed. Note: C++ does not support default-int
C:\Users\alber\ws\prj\playasa\playasa\src\Source\base\Strings.cc(83,6): error C2086: 'int wstring': redefinition
      C:\Users\alber\ws\prj\playasa\playasa\src\Source\base\Strings.cc(55,6):
      see declaration of 'wstring'
  
C:\Users\alber\ws\prj\playasa\playasa\src\Source\base\Strings.cc(83,23): error C2146: syntax error: missing ';' before identifier 'Utf8StringToWString'
C:\Users\alber\ws\prj\playasa\playasa\src\Source\base\Strings.cc(83,54): error C2039: 'string': is not a member of 'std'
      C:\Program Files\Microsoft Visual Studio\18\Community\VC\Tools\MSVC\14.50.35717\include\vector(29,1):
      see declaration of 'std'
  
C:\Users\alber\ws\prj\playasa\playasa\src\Source\base\Strings.cc(84,1): error C2143: syntax error: missing ';' before '{'
C:\Users\alber\ws\prj\playasa\playasa\src\Source\base\Strings.cc(84,1): error C2447: '{': missing function header (old-style formal list?)
C:\Users\alber\ws\prj\playasa\playasa\src\Source\base\Strings.cc(96,6): error C2039: 'string': is not a member of 'std'
      C:\Program Files\Microsoft Visual Studio\18\Community\VC\Tools\MSVC\14.50.35717\include\vector(29,1):
      see declaration of 'std'
  
C:\Users\alber\ws\prj\playasa\playasa\src\Source\base\Strings.cc(96,22): error C2039: 'WStringToUtf8String': is not a member of 'Strings'
      C:\Users\alber\ws\prj\playasa\playasa\src\Source\base\Strings.h(9,7):
      see declaration of 'Strings'
  
C:\Users\alber\ws\prj\playasa\playasa\src\Source\base\Strings.cc(96,6): error C4430: missing type specifier - int assumed. Note: C++ does not support default-int
C:\Users\alber\ws\prj\playasa\playasa\src\Source\base\Strings.cc(96,6): error C2086: 'int string': redefinition
      C:\Users\alber\ws\prj\playasa\playasa\src\Source\base\Strings.cc(68,6):
      see declaration of 'string'
  
C:\Users\alber\ws\prj\playasa\playasa\src\Source\base\Strings.cc(96,22): error C2146: syntax error: missing ';' before identifier 'WStringToUtf8String'
C:\Users\alber\ws\prj\playasa\playasa\src\Source\base\Strings.cc(96,53): error C2039: 'wstring': is not a member of 'std'
      C:\Program Files\Microsoft Visual Studio\18\Community\VC\Tools\MSVC\14.50.35717\include\vector(29,1):
      see declaration of 'std'
  
C:\Users\alber\ws\prj\playasa\playasa\src\Source\base\Strings.cc(97,1): error C2143: syntax error: missing ';' before '{'
C:\Users\alber\ws\prj\playasa\playasa\src\Source\base\Strings.cc(97,1): error C2447: '{': missing function header (old-style formal list?)
C:\Users\alber\ws\prj\playasa\playasa\src\Source\base\Strings.cc(110,25): error C2039: 'wstring': is not a member of 'std'
      C:\Program Files\Microsoft Visual Studio\18\Community\VC\Tools\MSVC\14.50.35717\include\vector(29,1):
      see declaration of 'std'
  
C:\Users\alber\ws\prj\playasa\playasa\src\Source\base\Strings.cc(110,34): error C2065: 's': undeclared identifier
C:\Users\alber\ws\prj\playasa\playasa\src\Source\base\Strings.cc(110,15): error C2761: 'void Strings::Trim(void)': redeclaration of member is not allowed
C:\Users\alber\ws\prj\playasa\playasa\src\Source\base\Strings.cc(111,1): error C2143: syntax error: missing ';' before '{'
C:\Users\alber\ws\prj\playasa\playasa\src\Source\base\Strings.cc(112,7): error C2039: 'wstring': is not a member of 'std'
      C:\Program Files\Microsoft Visual Studio\18\Community\VC\Tools\MSVC\14.50.35717\include\vector(29,1):
      see declaration of 'std'
  
C:\Users\alber\ws\prj\playasa\playasa\src\Source\base\Strings.cc(112,7): error C3083: 'wstring': the symbol to the left of a '::' must be a type
C:\Users\alber\ws\prj\playasa\playasa\src\Source\base\Strings.cc(112,16): error C2039: 'size_type': is not a member of 'std'
      C:\Program Files\Microsoft Visual Studio\18\Community\VC\Tools\MSVC\14.50.35717\include\vector(29,1):
      see declaration of 'std'
  
C:\Users\alber\ws\prj\playasa\playasa\src\Source\base\Strings.cc(112,16): error C4430: missing type specifier - int assumed. Note: C++ does not support default-int
C:\Users\alber\ws\prj\playasa\playasa\src\Source\base\Strings.cc(112,26): error C2146: syntax error: missing ';' before identifier 'first'
C:\Users\alber\ws\prj\playasa\playasa\src\Source\base\Strings.cc(113,2): error C2059: syntax error: 'if'
C:\Users\alber\ws\prj\playasa\playasa\src\Source\base\Strings.cc(113,20): error C2039: 'wstring': is not a member of 'std'
      C:\Program Files\Microsoft Visual Studio\18\Community\VC\Tools\MSVC\14.50.35717\include\vector(29,1):
      see declaration of 'std'
  
C:\Users\alber\ws\prj\playasa\playasa\src\Source\base\Strings.cc(113,20): error C3083: 'wstring': the symbol to the left of a '::' must be a type
C:\Users\alber\ws\prj\playasa\playasa\src\Source\base\Strings.cc(113,29): error C2039: 'npos': is not a member of 'std'
      C:\Program Files\Microsoft Visual Studio\18\Community\VC\Tools\MSVC\14.50.35717\include\vector(29,1):
      see declaration of 'std'
  
C:\Users\alber\ws\prj\playasa\playasa\src\Source\base\Strings.cc(115,2): error C2059: syntax error: 'else'
C:\Users\alber\ws\prj\playasa\playasa\src\Source\base\Strings.cc(116,2): error C2143: syntax error: missing ';' before '{'
C:\Users\alber\ws\prj\playasa\playasa\src\Source\base\Strings.cc(116,2): error C2447: '{': missing function header (old-style formal list?)
C:\Users\alber\ws\prj\playasa\playasa\src\Source\base\Strings.cc(120,1): error C2059: syntax error: '}'
C:\Users\alber\ws\prj\playasa\playasa\src\Source\base\Strings.cc(120,1): error C2143: syntax error: missing ';' before '}'
C:\Users\alber\ws\prj\playasa\playasa\src\Source\base\Strings.cc(122,1): error C2143: syntax error: missing ';' before '{'
C:\Users\alber\ws\prj\playasa\playasa\src\Source\base\Strings.cc(122,1): error C2447: '{': missing function header (old-style formal list?)
C:\Users\alber\ws\prj\playasa\playasa\src\Source\base\Strings.cc(125,6): error C2039: 'wstring': is not a member of 'std'
      C:\Program Files\Microsoft Visual Studio\18\Community\VC\Tools\MSVC\14.50.35717\include\vector(29,1):
      see declaration of 'std'
  
C:\Users\alber\ws\prj\playasa\playasa\src\Source\base\Strings.cc(125,6): error C1003: error count exceeds 100; stopping compilation
  ResLoader.cc
C:\Users\alber\ws\prj\playasa\playasa\src\Source\base\ResLoader.cc(21,5): error C2664: 'void _wsplitpath(const wchar_t *,wchar_t *,wchar_t *,wchar_t *,wchar_t *)': cannot convert argument 1 from 'TCHAR [260]' to 'const wchar_t *'
      C:\Users\alber\ws\prj\playasa\playasa\src\Source\base\ResLoader.cc(21,17):
      Types pointed to are unrelated; conversion requires reinterpret_cast, C-style cast or parenthesized function-style cast
      C:\Program Files (x86)\Windows Kits\10\Include\10.0.26100.0\ucrt\corecrt_wstdlib.h(380,27):
      see declaration of '_wsplitpath'
      C:\Users\alber\ws\prj\playasa\playasa\src\Source\base\ResLoader.cc(21,5):
      while trying to match the argument list '(TCHAR [260], TCHAR [10], TCHAR [260], int, int)'
  
C:\Users\alber\ws\prj\playasa\playasa\src\Source\base\ResLoader.cc(24,3): error C2679: binary '+=': no operator found which takes a right-hand operand of type 'TCHAR [10]' (or there is no acceptable conversion)
      C:\Program Files\Microsoft Visual Studio\18\Community\VC\Tools\MSVC\14.50.35717\include\xstring(1527,32):
      could be 'std::basic_string<wchar_t,std::char_traits<wchar_t>,std::allocator<wchar_t>> &std::basic_string<wchar_t,std::char_traits<wchar_t>,std::allocator<wchar_t>>::operator +=(_Elem)'
          with
          [
              _Elem=wchar_t
          ]
          C:\Users\alber\ws\prj\playasa\playasa\src\Source\base\ResLoader.cc(24,3):
          'std::basic_string<wchar_t,std::char_traits<wchar_t>,std::allocator<wchar_t>> &std::basic_string<wchar_t,std::char_traits<wchar_t>,std::allocator<wchar_t>>::operator +=(_Elem)': cannot convert argument 2 from 'TCHAR [10]' to '_Elem'
          with
          [
              _Elem=wchar_t
          ]
              C:\Users\alber\ws\prj\playasa\playasa\src\Source\base\ResLoader.cc(24,14):
              There is no context in which this conversion is possible
      C:\Program Files\Microsoft Visual Studio\18\Community\VC\Tools\MSVC\14.50.35717\include\xstring(1523,32):
      or       'std::basic_string<wchar_t,std::char_traits<wchar_t>,std::allocator<wchar_t>> &std::basic_string<wchar_t,std::char_traits<wchar_t>,std::allocator<wchar_t>>::operator +=(const _Elem *const )'
          with
          [
              _Elem=wchar_t
          ]
          C:\Users\alber\ws\prj\playasa\playasa\src\Source\base\ResLoader.cc(24,3):
          'std::basic_string<wchar_t,std::char_traits<wchar_t>,std::allocator<wchar_t>> &std::basic_string<wchar_t,std::char_traits<wchar_t>,std::allocator<wchar_t>>::operator +=(const _Elem *const )': cannot convert argument 2 from 'TCHAR [10]' to 'const _Elem *const '
          with
          [
              _Elem=wchar_t
          ]
              C:\Users\alber\ws\prj\playasa\playasa\src\Source\base\ResLoader.cc(24,14):
              Types pointed to are unrelated; conversion requires reinterpret_cast, C-style cast or parenthesized function-style cast
      C:\Program Files\Microsoft Visual Studio\18\Community\VC\Tools\MSVC\14.50.35717\include\xstring(1512,32):
      or       'std::basic_string<wchar_t,std::char_traits<wchar_t>,std::allocator<wchar_t>> &std::basic_string<wchar_t,std::char_traits<wchar_t>,std::allocator<wchar_t>>::operator +=(const std::basic_string<wchar_t,std::char_traits<wchar_t>,std::allocator<wchar_t>> &)'
          C:\Users\alber\ws\prj\playasa\playasa\src\Source\base\ResLoader.cc(24,3):
          'std::basic_string<wchar_t,std::char_traits<wchar_t>,std::allocator<wchar_t>> &std::basic_string<wchar_t,std::char_traits<wchar_t>,std::allocator<wchar_t>>::operator +=(const std::basic_string<wchar_t,std::char_traits<wchar_t>,std::allocator<wchar_t>> &)': cannot convert argument 2 from 'TCHAR [10]' to 'const std::basic_string<wchar_t,std::char_traits<wchar_t>,std::allocator<wchar_t>> &'
              C:\Users\alber\ws\prj\playasa\playasa\src\Source\base\ResLoader.cc(24,14):
              Reason: cannot convert from 'TCHAR [10]' to 'const std::basic_string<wchar_t,std::char_traits<wchar_t>,std::allocator<wchar_t>>'
              C:\Users\alber\ws\prj\playasa\playasa\src\Source\base\ResLoader.cc(24,14):
              'std::basic_string<wchar_t,std::char_traits<wchar_t>,std::allocator<wchar_t>>::basic_string': no overloaded function could convert all the argument types
                  C:\Program Files\Microsoft Visual Studio\18\Community\VC\Tools\MSVC\14.50.35717\include\xstring(818,5):
                  could be 'std::basic_string<wchar_t,std::char_traits<wchar_t>,std::allocator<wchar_t>>::basic_string(const _Elem *const )'
          with
          [
              _Elem=wchar_t
          ]
                      C:\Users\alber\ws\prj\playasa\playasa\src\Source\base\ResLoader.cc(24,14):
                      'std::basic_string<wchar_t,std::char_traits<wchar_t>,std::allocator<wchar_t>>::basic_string(const _Elem *const )': cannot convert argument 1 from 'TCHAR [10]' to 'const _Elem *const '
          with
          [
              _Elem=wchar_t
          ]
                          C:\Users\alber\ws\prj\playasa\playasa\src\Source\base\ResLoader.cc(24,14):
                          Types pointed to are unrelated; conversion requires reinterpret_cast, C-style cast or parenthesized function-style cast
                  C:\Program Files\Microsoft Visual Studio\18\Community\VC\Tools\MSVC\14.50.35717\include\xstring(1390,5):
                  or       'std::basic_string<wchar_t,std::char_traits<wchar_t>,std::allocator<wchar_t>>::basic_string(std::initializer_list<_Elem>,const _Alloc &)'
          with
          [
              _Elem=wchar_t,
              _Alloc=std::allocator<wchar_t>
          ]
                      C:\Users\alber\ws\prj\playasa\playasa\src\Source\base\ResLoader.cc(24,14):
                      'std::basic_string<wchar_t,std::char_traits<wchar_t>,std::allocator<wchar_t>>::basic_string(std::initializer_list<_Elem>,const _Alloc &)': cannot convert argument 1 from 'TCHAR [10]' to 'std::initializer_list<_Elem>'
          with
          [
              _Elem=wchar_t,
              _Alloc=std::allocator<wchar_t>
          ]
          and
          [
              _Elem=wchar_t
          ]
                          C:\Users\alber\ws\prj\playasa\playasa\src\Source\base\ResLoader.cc(24,14):
                          Conversion requires a second user-defined-conversion operator or constructor
                  C:\Program Files\Microsoft Visual Studio\18\Community\VC\Tools\MSVC\14.50.35717\include\xstring(848,5):
                  or       'std::basic_string<wchar_t,std::char_traits<wchar_t>,std::allocator<wchar_t>>::basic_string(_Iter,_Iter,const _Alloc &)'
          with
          [
              _Alloc=std::allocator<wchar_t>
          ]
                  C:\Users\alber\ws\prj\playasa\playasa\src\Source\base\ResLoader.cc(24,14):
                  while trying to match the argument list '(TCHAR [10])'
      C:\Program Files\Microsoft Visual Studio\18\Community\VC\Tools\MSVC\14.50.35717\include\xstring(1399,32):
      or       'std::basic_string<wchar_t,std::char_traits<wchar_t>,std::allocator<wchar_t>> &std::basic_string<wchar_t,std::char_traits<wchar_t>,std::allocator<wchar_t>>::operator +=(std::initializer_list<_Elem>)'
          with
          [
              _Elem=wchar_t
          ]
          C:\Users\alber\ws\prj\playasa\playasa\src\Source\base\ResLoader.cc(24,3):
          'std::basic_string<wchar_t,std::char_traits<wchar_t>,std::allocator<wchar_t>> &std::basic_string<wchar_t,std::char_traits<wchar_t>,std::allocator<wchar_t>>::operator +=(std::initializer_list<_Elem>)': cannot convert argument 2 from 'TCHAR [10]' to 'std::initializer_list<_Elem>'
          with
          [
              _Elem=wchar_t
          ]
              C:\Users\alber\ws\prj\playasa\playasa\src\Source\base\ResLoader.cc(24,14):
              'std::initializer_list<_Elem>::initializer_list': no overloaded function could convert all the argument types
          with
          [
              _Elem=wchar_t
          ]
                  C:\Program Files\Microsoft Visual Studio\18\Community\VC\Tools\MSVC\14.50.35717\include\initializer_list(51,1):
                  could be 'std::initializer_list<_Elem>::initializer_list(std::initializer_list<_Elem> &&)'
          with
          [
              _Elem=wchar_t
          ]
                      C:\Users\alber\ws\prj\playasa\playasa\src\Source\base\ResLoader.cc(24,14):
                      'std::initializer_list<_Elem>::initializer_list(std::initializer_list<_Elem> &&)': cannot convert argument 1 from 'TCHAR [10]' to 'std::initializer_list<_Elem> &&'
          with
          [
              _Elem=wchar_t
          ]
                          C:\Users\alber\ws\prj\playasa\playasa\src\Source\base\ResLoader.cc(24,14):
                          Reason: cannot convert from 'TCHAR [10]' to 'std::initializer_list<_Elem>'
          with
          [
              _Elem=wchar_t
          ]
                          C:\Users\alber\ws\prj\playasa\playasa\src\Source\base\ResLoader.cc(24,14):
                          Conversion requires a second user-defined-conversion operator or constructor
                  C:\Program Files\Microsoft Visual Studio\18\Community\VC\Tools\MSVC\14.50.35717\include\initializer_list(51,1):
                  or       'std::initializer_list<_Elem>::initializer_list(const std::initializer_list<_Elem> &)'
          with
          [
              _Elem=wchar_t
          ]
                      C:\Users\alber\ws\prj\playasa\playasa\src\Source\base\ResLoader.cc(24,14):
                      'std::initializer_list<_Elem>::initializer_list(const std::initializer_list<_Elem> &)': cannot convert argument 1 from 'TCHAR [10]' to 'const std::initializer_list<_Elem> &'
          with
          [
              _Elem=wchar_t
          ]
                          C:\Users\alber\ws\prj\playasa\playasa\src\Source\base\ResLoader.cc(24,14):
                          Reason: cannot convert from 'TCHAR [10]' to 'const std::initializer_list<_Elem>'
          with
          [
              _Elem=wchar_t
          ]
                          C:\Users\alber\ws\prj\playasa\playasa\src\Source\base\ResLoader.cc(24,14):
                          Conversion requires a second user-defined-conversion operator or constructor
                  C:\Users\alber\ws\prj\playasa\playasa\src\Source\base\ResLoader.cc(24,14):
                  while trying to match the argument list '(TCHAR [10])'
      C:\Users\alber\ws\prj\playasa\playasa\src\Source\base\ResLoader.cc(24,3):
      while trying to match the argument list '(std::wstring, TCHAR [10])'
  
C:\Users\alber\ws\prj\playasa\playasa\src\Source\base\ResLoader.cc(25,3): error C2679: binary '+=': no operator found which takes a right-hand operand of type 'TCHAR [260]' (or there is no acceptable conversion)
      C:\Program Files\Microsoft Visual Studio\18\Community\VC\Tools\MSVC\14.50.35717\include\xstring(1527,32):
      could be 'std::basic_string<wchar_t,std::char_traits<wchar_t>,std::allocator<wchar_t>> &std::basic_string<wchar_t,std::char_traits<wchar_t>,std::allocator<wchar_t>>::operator +=(_Elem)'
          with
          [
              _Elem=wchar_t
          ]
          C:\Users\alber\ws\prj\playasa\playasa\src\Source\base\ResLoader.cc(25,3):
          'std::basic_string<wchar_t,std::char_traits<wchar_t>,std::allocator<wchar_t>> &std::basic_string<wchar_t,std::char_traits<wchar_t>,std::allocator<wchar_t>>::operator +=(_Elem)': cannot convert argument 2 from 'TCHAR [260]' to '_Elem'
          with
          [
              _Elem=wchar_t
          ]
              C:\Users\alber\ws\prj\playasa\playasa\src\Source\base\ResLoader.cc(25,14):
              There is no context in which this conversion is possible
      C:\Program Files\Microsoft Visual Studio\18\Community\VC\Tools\MSVC\14.50.35717\include\xstring(1523,32):
      or       'std::basic_string<wchar_t,std::char_traits<wchar_t>,std::allocator<wchar_t>> &std::basic_string<wchar_t,std::char_traits<wchar_t>,std::allocator<wchar_t>>::operator +=(const _Elem *const )'
          with
          [
              _Elem=wchar_t
          ]
          C:\Users\alber\ws\prj\playasa\playasa\src\Source\base\ResLoader.cc(25,3):
          'std::basic_string<wchar_t,std::char_traits<wchar_t>,std::allocator<wchar_t>> &std::basic_string<wchar_t,std::char_traits<wchar_t>,std::allocator<wchar_t>>::operator +=(const _Elem *const )': cannot convert argument 2 from 'TCHAR [260]' to 'const _Elem *const '
          with
          [
              _Elem=wchar_t
          ]
              C:\Users\alber\ws\prj\playasa\playasa\src\Source\base\ResLoader.cc(25,14):
              Types pointed to are unrelated; conversion requires reinterpret_cast, C-style cast or parenthesized function-style cast
      C:\Program Files\Microsoft Visual Studio\18\Community\VC\Tools\MSVC\14.50.35717\include\xstring(1512,32):
      or       'std::basic_string<wchar_t,std::char_traits<wchar_t>,std::allocator<wchar_t>> &std::basic_string<wchar_t,std::char_traits<wchar_t>,std::allocator<wchar_t>>::operator +=(const std::basic_string<wchar_t,std::char_traits<wchar_t>,std::allocator<wchar_t>> &)'
          C:\Users\alber\ws\prj\playasa\playasa\src\Source\base\ResLoader.cc(25,3):
          'std::basic_string<wchar_t,std::char_traits<wchar_t>,std::allocator<wchar_t>> &std::basic_string<wchar_t,std::char_traits<wchar_t>,std::allocator<wchar_t>>::operator +=(const std::basic_string<wchar_t,std::char_traits<wchar_t>,std::allocator<wchar_t>> &)': cannot convert argument 2 from 'TCHAR [260]' to 'const std::basic_string<wchar_t,std::char_traits<wchar_t>,std::allocator<wchar_t>> &'
              C:\Users\alber\ws\prj\playasa\playasa\src\Source\base\ResLoader.cc(25,14):
              Reason: cannot convert from 'TCHAR [260]' to 'const std::basic_string<wchar_t,std::char_traits<wchar_t>,std::allocator<wchar_t>>'
              C:\Users\alber\ws\prj\playasa\playasa\src\Source\base\ResLoader.cc(25,14):
              'std::basic_string<wchar_t,std::char_traits<wchar_t>,std::allocator<wchar_t>>::basic_string': no overloaded function could convert all the argument types
                  C:\Program Files\Microsoft Visual Studio\18\Community\VC\Tools\MSVC\14.50.35717\include\xstring(818,5):
                  could be 'std::basic_string<wchar_t,std::char_traits<wchar_t>,std::allocator<wchar_t>>::basic_string(const _Elem *const )'
          with
          [
              _Elem=wchar_t
          ]
                      C:\Users\alber\ws\prj\playasa\playasa\src\Source\base\ResLoader.cc(25,14):
                      'std::basic_string<wchar_t,std::char_traits<wchar_t>,std::allocator<wchar_t>>::basic_string(const _Elem *const )': cannot convert argument 1 from 'TCHAR [260]' to 'const _Elem *const '
          with
          [
              _Elem=wchar_t
          ]
                          C:\Users\alber\ws\prj\playasa\playasa\src\Source\base\ResLoader.cc(25,14):
                          Types pointed to are unrelated; conversion requires reinterpret_cast, C-style cast or parenthesized function-style cast
                  C:\Program Files\Microsoft Visual Studio\18\Community\VC\Tools\MSVC\14.50.35717\include\xstring(1390,5):
                  or       'std::basic_string<wchar_t,std::char_traits<wchar_t>,std::allocator<wchar_t>>::basic_string(std::initializer_list<_Elem>,const _Alloc &)'
          with
          [
              _Elem=wchar_t,
              _Alloc=std::allocator<wchar_t>
          ]
                      C:\Users\alber\ws\prj\playasa\playasa\src\Source\base\ResLoader.cc(25,14):
                      'std::basic_string<wchar_t,std::char_traits<wchar_t>,std::allocator<wchar_t>>::basic_string(std::initializer_list<_Elem>,const _Alloc &)': cannot convert argument 1 from 'TCHAR [260]' to 'std::initializer_list<_Elem>'
          with
          [
              _Elem=wchar_t,
              _Alloc=std::allocator<wchar_t>
          ]
          and
          [
              _Elem=wchar_t
          ]
                          C:\Users\alber\ws\prj\playasa\playasa\src\Source\base\ResLoader.cc(25,14):
                          Conversion requires a second user-defined-conversion operator or constructor
                  C:\Program Files\Microsoft Visual Studio\18\Community\VC\Tools\MSVC\14.50.35717\include\xstring(848,5):
                  or       'std::basic_string<wchar_t,std::char_traits<wchar_t>,std::allocator<wchar_t>>::basic_string(_Iter,_Iter,const _Alloc &)'
          with
          [
              _Alloc=std::allocator<wchar_t>
          ]
                  C:\Users\alber\ws\prj\playasa\playasa\src\Source\base\ResLoader.cc(25,14):
                  while trying to match the argument list '(TCHAR [260])'
      C:\Program Files\Microsoft Visual Studio\18\Community\VC\Tools\MSVC\14.50.35717\include\xstring(1399,32):
      or       'std::basic_string<wchar_t,std::char_traits<wchar_t>,std::allocator<wchar_t>> &std::basic_string<wchar_t,std::char_traits<wchar_t>,std::allocator<wchar_t>>::operator +=(std::initializer_list<_Elem>)'
          with
          [
              _Elem=wchar_t
          ]
          C:\Users\alber\ws\prj\playasa\playasa\src\Source\base\ResLoader.cc(25,3):
          'std::basic_string<wchar_t,std::char_traits<wchar_t>,std::allocator<wchar_t>> &std::basic_string<wchar_t,std::char_traits<wchar_t>,std::allocator<wchar_t>>::operator +=(std::initializer_list<_Elem>)': cannot convert argument 2 from 'TCHAR [260]' to 'std::initializer_list<_Elem>'
          with
          [
              _Elem=wchar_t
          ]
              C:\Users\alber\ws\prj\playasa\playasa\src\Source\base\ResLoader.cc(25,14):
              'std::initializer_list<_Elem>::initializer_list': no overloaded function could convert all the argument types
          with
          [
              _Elem=wchar_t
          ]
                  C:\Program Files\Microsoft Visual Studio\18\Community\VC\Tools\MSVC\14.50.35717\include\initializer_list(51,1):
                  could be 'std::initializer_list<_Elem>::initializer_list(std::initializer_list<_Elem> &&)'
          with
          [
              _Elem=wchar_t
          ]
                      C:\Users\alber\ws\prj\playasa\playasa\src\Source\base\ResLoader.cc(25,14):
                      'std::initializer_list<_Elem>::initializer_list(std::initializer_list<_Elem> &&)': cannot convert argument 1 from 'TCHAR [260]' to 'std::initializer_list<_Elem> &&'
          with
          [
              _Elem=wchar_t
          ]
                          C:\Users\alber\ws\prj\playasa\playasa\src\Source\base\ResLoader.cc(25,14):
                          Reason: cannot convert from 'TCHAR [260]' to 'std::initializer_list<_Elem>'
          with
          [
              _Elem=wchar_t
          ]
                          C:\Users\alber\ws\prj\playasa\playasa\src\Source\base\ResLoader.cc(25,14):
                          Conversion requires a second user-defined-conversion operator or constructor
                  C:\Program Files\Microsoft Visual Studio\18\Community\VC\Tools\MSVC\14.50.35717\include\initializer_list(51,1):
                  or       'std::initializer_list<_Elem>::initializer_list(const std::initializer_list<_Elem> &)'
          with
          [
              _Elem=wchar_t
          ]
                      C:\Users\alber\ws\prj\playasa\playasa\src\Source\base\ResLoader.cc(25,14):
                      'std::initializer_list<_Elem>::initializer_list(const std::initializer_list<_Elem> &)': cannot convert argument 1 from 'TCHAR [260]' to 'const std::initializer_list<_Elem> &'
          with
          [
              _Elem=wchar_t
          ]
                          C:\Users\alber\ws\prj\playasa\playasa\src\Source\base\ResLoader.cc(25,14):
                          Reason: cannot convert from 'TCHAR [260]' to 'const std::initializer_list<_Elem>'
          with
          [
              _Elem=wchar_t
          ]
                          C:\Users\alber\ws\prj\playasa\playasa\src\Source\base\ResLoader.cc(25,14):
                          Conversion requires a second user-defined-conversion operator or constructor
                  C:\Users\alber\ws\prj\playasa\playasa\src\Source\base\ResLoader.cc(25,14):
                  while trying to match the argument list '(TCHAR [260])'
      C:\Users\alber\ws\prj\playasa\playasa\src\Source\base\ResLoader.cc(25,3):
      while trying to match the argument list '(std::wstring, TCHAR [260])'
  
C:\Users\alber\ws\prj\playasa\playasa\src\Source\base\ResLoader.cc(49,9): error C2664: 'BOOL PathFileExistsA(LPCSTR)': cannot convert argument 1 from 'const _Elem *' to 'LPCSTR'
C:\Users\alber\ws\prj\playasa\playasa\src\Source\base\ResLoader.cc(49,9): error C2664:         with
C:\Users\alber\ws\prj\playasa\playasa\src\Source\base\ResLoader.cc(49,9): error C2664:         [
C:\Users\alber\ws\prj\playasa\playasa\src\Source\base\ResLoader.cc(49,9): error C2664:             _Elem=wchar_t
C:\Users\alber\ws\prj\playasa\playasa\src\Source\base\ResLoader.cc(49,9): error C2664:         ]
      C:\Users\alber\ws\prj\playasa\playasa\src\Source\base\ResLoader.cc(49,39):
      Types pointed to are unrelated; conversion requires reinterpret_cast, C-style cast or parenthesized function-style cast
      C:\Program Files (x86)\Windows Kits\10\Include\10.0.26100.0\um\Shlwapi.h(560,21):
      see declaration of 'PathFileExistsA'
      C:\Users\alber\ws\prj\playasa\playasa\src\Source\base\ResLoader.cc(49,9):
      while trying to match the argument list '(const _Elem *)'
          with
          [
              _Elem=wchar_t
          ]
  
C:\Users\alber\ws\prj\playasa\playasa\src\Source\base\ResLoader.cc(66,11): error C2665: 'ATL::CImage::Load': no overloaded function could convert all the argument types
      C:\Program Files\Microsoft Visual Studio\18\Community\VC\Tools\MSVC\14.50.35717\atlmfc\include\atlimage.h(1379,24):
      could be 'HRESULT ATL::CImage::Load(IStream *) throw()'
          C:\Users\alber\ws\prj\playasa\playasa\src\Source\base\ResLoader.cc(66,11):
          'HRESULT ATL::CImage::Load(IStream *) throw()': cannot convert argument 1 from 'const _Elem *' to 'IStream *'
          with
          [
              _Elem=wchar_t
          ]
              C:\Users\alber\ws\prj\playasa\playasa\src\Source\base\ResLoader.cc(66,31):
              Types pointed to are unrelated; conversion requires reinterpret_cast, C-style cast or parenthesized function-style cast
      C:\Program Files\Microsoft Visual Studio\18\Community\VC\Tools\MSVC\14.50.35717\atlmfc\include\atlimage.h(1395,24):
      or       'HRESULT ATL::CImage::Load(LPCTSTR) throw()'
          C:\Users\alber\ws\prj\playasa\playasa\src\Source\base\ResLoader.cc(66,11):
          'HRESULT ATL::CImage::Load(LPCTSTR) throw()': cannot convert argument 1 from 'const _Elem *' to 'LPCTSTR'
          with
          [
              _Elem=wchar_t
          ]
              C:\Users\alber\ws\prj\playasa\playasa\src\Source\base\ResLoader.cc(66,31):
              Types pointed to are unrelated; conversion requires reinterpret_cast, C-style cast or parenthesized function-style cast
      C:\Users\alber\ws\prj\playasa\playasa\src\Source\base\ResLoader.cc(66,11):
      while trying to match the argument list '(const _Elem *)'
          with
          [
              _Elem=wchar_t
          ]
  
C:\Users\alber\ws\prj\playasa\playasa\src\Source\base\ResLoader.cc(80,26): error C2664: 'HANDLE LoadImageA(HINSTANCE,LPCSTR,UINT,int,int,UINT)': cannot convert argument 2 from 'const _Elem *' to 'LPCSTR'
C:\Users\alber\ws\prj\playasa\playasa\src\Source\base\ResLoader.cc(80,26): error C2664:         with
C:\Users\alber\ws\prj\playasa\playasa\src\Source\base\ResLoader.cc(80,26): error C2664:         [
C:\Users\alber\ws\prj\playasa\playasa\src\Source\base\ResLoader.cc(80,26): error C2664:             _Elem=wchar_t
C:\Users\alber\ws\prj\playasa\playasa\src\Source\base\ResLoader.cc(80,26): error C2664:         ]
      C:\Users\alber\ws\prj\playasa\playasa\src\Source\base\ResLoader.cc(80,64):
      Types pointed to are unrelated; conversion requires reinterpret_cast, C-style cast or parenthesized function-style cast
      C:\Program Files (x86)\Windows Kits\10\Include\10.0.26100.0\um\winuser.h(10906,1):
      see declaration of 'LoadImageA'
      C:\Users\alber\ws\prj\playasa\playasa\src\Source\base\ResLoader.cc(80,26):
      while trying to match the argument list '(HINSTANCE, const _Elem *, int, int, int, int)'
          with
          [
              _Elem=wchar_t
          ]
  
C:\Users\alber\ws\prj\playasa\playasa\src\Source\base\ResLoader.cc(87,26): error C2664: 'HANDLE LoadImageA(HINSTANCE,LPCSTR,UINT,int,int,UINT)': cannot convert argument 2 from 'const _Elem *' to 'LPCSTR'
C:\Users\alber\ws\prj\playasa\playasa\src\Source\base\ResLoader.cc(87,26): error C2664:         with
C:\Users\alber\ws\prj\playasa\playasa\src\Source\base\ResLoader.cc(87,26): error C2664:         [
C:\Users\alber\ws\prj\playasa\playasa\src\Source\base\ResLoader.cc(87,26): error C2664:             _Elem=wchar_t
C:\Users\alber\ws\prj\playasa\playasa\src\Source\base\ResLoader.cc(87,26): error C2664:         ]
      C:\Users\alber\ws\prj\playasa\playasa\src\Source\base\ResLoader.cc(87,64):
      Types pointed to are unrelated; conversion requires reinterpret_cast, C-style cast or parenthesized function-style cast
      C:\Program Files (x86)\Windows Kits\10\Include\10.0.26100.0\um\winuser.h(10906,1):
      see declaration of 'LoadImageA'
      C:\Users\alber\ws\prj\playasa\playasa\src\Source\base\ResLoader.cc(87,26):
      while trying to match the argument list '(HINSTANCE, const _Elem *, int, int, int, int)'
          with
          [
              _Elem=wchar_t
          ]
  
  Generating Code...
