cl : command line  warning D9035: option 'Gm' has been deprecated and will be removed in a future release
  transaction.cpp
C:\Program Files\Microsoft Visual Studio\18\Community\VC\Tools\MSVC\14.50.35717\include\xlocnum(1018,38): error C2065: 'PTRDIFF_MAX': undeclared identifier
  (compiling source file 'sqlitepp/sqlitepp/transaction.cpp')
      C:\Program Files\Microsoft Visual Studio\18\Community\VC\Tools\MSVC\14.50.35717\include\xlocnum(1018,38):
      the template instantiation context (the oldest one first) is
          C:\Program Files\Microsoft Visual Studio\18\Community\VC\Tools\MSVC\14.50.35717\include\xlocnum(1652,105):
          see reference to class template instantiation 'std::num_get<wchar_t,std::istreambuf_iterator<wchar_t,std::char_traits<wchar_t>>>' being compiled
          C:\Program Files\Microsoft Visual Studio\18\Community\VC\Tools\MSVC\14.50.35717\include\xlocnum(579,38):
          while compiling class template member function '_InIt std::num_get<wchar_t,_InIt>::do_get(_InIt,_InIt,std::ios_base &,std::ios_base::iostate &,double &) const'
          with
          [
              _InIt=std::istreambuf_iterator<wchar_t,std::char_traits<wchar_t>>
          ]
              C:\Program Files\Microsoft Visual Studio\18\Community\VC\Tools\MSVC\14.50.35717\include\xlocnum(613,16):
              see the first reference to 'std::num_get<wchar_t,std::istreambuf_iterator<wchar_t,std::char_traits<wchar_t>>>::do_get' in 'std::num_get<wchar_t,std::istreambuf_iterator<wchar_t,std::char_traits<wchar_t>>>::do_get'
          C:\Program Files\Microsoft Visual Studio\18\Community\VC\Tools\MSVC\14.50.35717\include\xlocnum(584,13):
          see reference to function template instantiation 'std::_Num_get_parse_result std::num_get<wchar_t,std::istreambuf_iterator<wchar_t,std::char_traits<wchar_t>>>::_Parse_fp_with_locale<0>(char *const ,const int,_InIt &,_InIt &,const std::locale &)' being compiled
          with
          [
              _InIt=std::istreambuf_iterator<wchar_t,std::char_traits<wchar_t>>
          ]
  
C:\Program Files\Microsoft Visual Studio\18\Community\VC\Tools\MSVC\14.50.35717\include\xlocnum(1019,43): error C2065: 'PTRDIFF_MAX': undeclared identifier
  (compiling source file 'sqlitepp/sqlitepp/transaction.cpp')
  
C:\Program Files\Microsoft Visual Studio\18\Community\VC\Tools\MSVC\14.50.35717\include\xlocnum(1020,60): error C2065: 'PTRDIFF_MAX': undeclared identifier
  (compiling source file 'sqlitepp/sqlitepp/transaction.cpp')
  
C:\Program Files\Microsoft Visual Studio\18\Community\VC\Tools\MSVC\14.50.35717\include\xlocnum(1023,38): error C2065: 'PTRDIFF_MAX': undeclared identifier
  (compiling source file 'sqlitepp/sqlitepp/transaction.cpp')
  
  string.cpp
C:\Users\alber\ws\prj\playasa\playasa\src\Thirdparty\sqlitepp\sqlitepp\unicode.hpp(129,64): warning C4310: cast truncates constant value
  (compiling source file 'sqlitepp/sqlitepp/string.cpp')
  
C:\Users\alber\ws\prj\playasa\playasa\src\Thirdparty\sqlitepp\sqlitepp\unicode.hpp(131,64): warning C4310: cast truncates constant value
  (compiling source file 'sqlitepp/sqlitepp/string.cpp')
  
C:\Users\alber\ws\prj\playasa\playasa\src\Thirdparty\sqlitepp\sqlitepp\unicode.hpp(132,64): warning C4310: cast truncates constant value
  (compiling source file 'sqlitepp/sqlitepp/string.cpp')
  
C:\Users\alber\ws\prj\playasa\playasa\src\Thirdparty\sqlitepp\sqlitepp\unicode.hpp(133,64): warning C4310: cast truncates constant value
  (compiling source file 'sqlitepp/sqlitepp/string.cpp')
  
C:\Users\alber\ws\prj\playasa\playasa\src\Thirdparty\sqlitepp\sqlitepp\unicode.hpp(134,64): warning C4310: cast truncates constant value
  (compiling source file 'sqlitepp/sqlitepp/string.cpp')
  
C:\Users\alber\ws\prj\playasa\playasa\src\Thirdparty\sqlitepp\sqlitepp\unicode.hpp(135,64): warning C4310: cast truncates constant value
  (compiling source file 'sqlitepp/sqlitepp/string.cpp')
  
  statement.cpp
C:\Users\alber\ws\prj\playasa\playasa\src\Thirdparty\sqlitepp\sqlitepp\statement.cpp(103,18): warning C4834: discarding return value of function with [[nodiscard]] attribute
C:\Users\alber\ws\prj\playasa\playasa\src\Thirdparty\sqlitepp\sqlitepp\statement.cpp(105,18): warning C4834: discarding return value of function with [[nodiscard]] attribute
C:\Users\alber\ws\prj\playasa\playasa\src\Thirdparty\sqlitepp\sqlitepp\statement.cpp(156,19): warning C4834: discarding return value of function with [[nodiscard]] attribute
C:\Program Files\Microsoft Visual Studio\18\Community\VC\Tools\MSVC\14.50.35717\include\xlocnum(1018,38): error C2065: 'PTRDIFF_MAX': undeclared identifier
  (compiling source file '../../../../Thirdparty/sqlitepp/sqlitepp/statement.cpp')
      C:\Program Files\Microsoft Visual Studio\18\Community\VC\Tools\MSVC\14.50.35717\include\xlocnum(1018,38):
      the template instantiation context (the oldest one first) is
          C:\Program Files\Microsoft Visual Studio\18\Community\VC\Tools\MSVC\14.50.35717\include\xlocnum(1652,105):
          see reference to class template instantiation 'std::num_get<wchar_t,std::istreambuf_iterator<wchar_t,std::char_traits<wchar_t>>>' being compiled
          C:\Program Files\Microsoft Visual Studio\18\Community\VC\Tools\MSVC\14.50.35717\include\xlocnum(579,38):
          while compiling class template member function '_InIt std::num_get<wchar_t,_InIt>::do_get(_InIt,_InIt,std::ios_base &,std::ios_base::iostate &,double &) const'
          with
          [
              _InIt=std::istreambuf_iterator<wchar_t,std::char_traits<wchar_t>>
          ]
              C:\Program Files\Microsoft Visual Studio\18\Community\VC\Tools\MSVC\14.50.35717\include\xlocnum(613,16):
              see the first reference to 'std::num_get<wchar_t,std::istreambuf_iterator<wchar_t,std::char_traits<wchar_t>>>::do_get' in 'std::num_get<wchar_t,std::istreambuf_iterator<wchar_t,std::char_traits<wchar_t>>>::do_get'
          C:\Program Files\Microsoft Visual Studio\18\Community\VC\Tools\MSVC\14.50.35717\include\xlocnum(584,13):
          see reference to function template instantiation 'std::_Num_get_parse_result std::num_get<wchar_t,std::istreambuf_iterator<wchar_t,std::char_traits<wchar_t>>>::_Parse_fp_with_locale<0>(char *const ,const int,_InIt &,_InIt &,const std::locale &)' being compiled
          with
          [
              _InIt=std::istreambuf_iterator<wchar_t,std::char_traits<wchar_t>>
          ]
  
C:\Program Files\Microsoft Visual Studio\18\Community\VC\Tools\MSVC\14.50.35717\include\xlocnum(1019,43): error C2065: 'PTRDIFF_MAX': undeclared identifier
  (compiling source file '../../../../Thirdparty/sqlitepp/sqlitepp/statement.cpp')
  
C:\Program Files\Microsoft Visual Studio\18\Community\VC\Tools\MSVC\14.50.35717\include\xlocnum(1020,60): error C2065: 'PTRDIFF_MAX': undeclared identifier
  (compiling source file '../../../../Thirdparty/sqlitepp/sqlitepp/statement.cpp')
  
C:\Program Files\Microsoft Visual Studio\18\Community\VC\Tools\MSVC\14.50.35717\include\xlocnum(1023,38): error C2065: 'PTRDIFF_MAX': undeclared identifier
  (compiling source file '../../../../Thirdparty/sqlitepp/sqlitepp/statement.cpp')
  
  session.cpp
C:\Program Files\Microsoft Visual Studio\18\Community\VC\Tools\MSVC\14.50.35717\include\xlocnum(1018,38): error C2065: 'PTRDIFF_MAX': undeclared identifier
  (compiling source file '../../../../Thirdparty/sqlitepp/sqlitepp/session.cpp')
      C:\Program Files\Microsoft Visual Studio\18\Community\VC\Tools\MSVC\14.50.35717\include\xlocnum(1018,38):
      the template instantiation context (the oldest one first) is
          C:\Program Files\Microsoft Visual Studio\18\Community\VC\Tools\MSVC\14.50.35717\include\xlocnum(1652,105):
          see reference to class template instantiation 'std::num_get<wchar_t,std::istreambuf_iterator<wchar_t,std::char_traits<wchar_t>>>' being compiled
          C:\Program Files\Microsoft Visual Studio\18\Community\VC\Tools\MSVC\14.50.35717\include\xlocnum(579,38):
          while compiling class template member function '_InIt std::num_get<wchar_t,_InIt>::do_get(_InIt,_InIt,std::ios_base &,std::ios_base::iostate &,double &) const'
          with
          [
              _InIt=std::istreambuf_iterator<wchar_t,std::char_traits<wchar_t>>
          ]
              C:\Program Files\Microsoft Visual Studio\18\Community\VC\Tools\MSVC\14.50.35717\include\xlocnum(613,16):
              see the first reference to 'std::num_get<wchar_t,std::istreambuf_iterator<wchar_t,std::char_traits<wchar_t>>>::do_get' in 'std::num_get<wchar_t,std::istreambuf_iterator<wchar_t,std::char_traits<wchar_t>>>::do_get'
          C:\Program Files\Microsoft Visual Studio\18\Community\VC\Tools\MSVC\14.50.35717\include\xlocnum(584,13):
          see reference to function template instantiation 'std::_Num_get_parse_result std::num_get<wchar_t,std::istreambuf_iterator<wchar_t,std::char_traits<wchar_t>>>::_Parse_fp_with_locale<0>(char *const ,const int,_InIt &,_InIt &,const std::locale &)' being compiled
          with
          [
              _InIt=std::istreambuf_iterator<wchar_t,std::char_traits<wchar_t>>
          ]
  
C:\Program Files\Microsoft Visual Studio\18\Community\VC\Tools\MSVC\14.50.35717\include\xlocnum(1019,43): error C2065: 'PTRDIFF_MAX': undeclared identifier
  (compiling source file '../../../../Thirdparty/sqlitepp/sqlitepp/session.cpp')
  
C:\Program Files\Microsoft Visual Studio\18\Community\VC\Tools\MSVC\14.50.35717\include\xlocnum(1020,60): error C2065: 'PTRDIFF_MAX': undeclared identifier
  (compiling source file '../../../../Thirdparty/sqlitepp/sqlitepp/session.cpp')
  
C:\Program Files\Microsoft Visual Studio\18\Community\VC\Tools\MSVC\14.50.35717\include\xlocnum(1023,38): error C2065: 'PTRDIFF_MAX': undeclared identifier
  (compiling source file '../../../../Thirdparty/sqlitepp/sqlitepp/session.cpp')
  
  query.cpp
C:\Users\alber\ws\prj\playasa\playasa\src\Thirdparty\sqlitepp\sqlitepp\query.cpp(175,4): warning C4297: 'sqlitepp::once_query::~once_query': function assumed not to throw an exception but does
      C:\Users\alber\ws\prj\playasa\playasa\src\Thirdparty\sqlitepp\sqlitepp\query.cpp(175,4):
      destructor or deallocator has a (possibly implicit) non-throwing exception specification
  
C:\Program Files\Microsoft Visual Studio\18\Community\VC\Tools\MSVC\14.50.35717\include\xlocnum(1018,38): error C2065: 'PTRDIFF_MAX': undeclared identifier
  (compiling source file '../../../../Thirdparty/sqlitepp/sqlitepp/query.cpp')
      C:\Program Files\Microsoft Visual Studio\18\Community\VC\Tools\MSVC\14.50.35717\include\xlocnum(1018,38):
      the template instantiation context (the oldest one first) is
          C:\Program Files\Microsoft Visual Studio\18\Community\VC\Tools\MSVC\14.50.35717\include\xlocnum(1652,105):
          see reference to class template instantiation 'std::num_get<wchar_t,std::istreambuf_iterator<wchar_t,std::char_traits<wchar_t>>>' being compiled
          C:\Program Files\Microsoft Visual Studio\18\Community\VC\Tools\MSVC\14.50.35717\include\xlocnum(579,38):
          while compiling class template member function '_InIt std::num_get<wchar_t,_InIt>::do_get(_InIt,_InIt,std::ios_base &,std::ios_base::iostate &,double &) const'
          with
          [
              _InIt=std::istreambuf_iterator<wchar_t,std::char_traits<wchar_t>>
          ]
              C:\Program Files\Microsoft Visual Studio\18\Community\VC\Tools\MSVC\14.50.35717\include\xlocnum(613,16):
              see the first reference to 'std::num_get<wchar_t,std::istreambuf_iterator<wchar_t,std::char_traits<wchar_t>>>::do_get' in 'std::num_get<wchar_t,std::istreambuf_iterator<wchar_t,std::char_traits<wchar_t>>>::do_get'
          C:\Program Files\Microsoft Visual Studio\18\Community\VC\Tools\MSVC\14.50.35717\include\xlocnum(584,13):
          see reference to function template instantiation 'std::_Num_get_parse_result std::num_get<wchar_t,std::istreambuf_iterator<wchar_t,std::char_traits<wchar_t>>>::_Parse_fp_with_locale<0>(char *const ,const int,_InIt &,_InIt &,const std::locale &)' being compiled
          with
          [
              _InIt=std::istreambuf_iterator<wchar_t,std::char_traits<wchar_t>>
          ]
  
C:\Program Files\Microsoft Visual Studio\18\Community\VC\Tools\MSVC\14.50.35717\include\xlocnum(1019,43): error C2065: 'PTRDIFF_MAX': undeclared identifier
  (compiling source file '../../../../Thirdparty/sqlitepp/sqlitepp/query.cpp')
  
C:\Program Files\Microsoft Visual Studio\18\Community\VC\Tools\MSVC\14.50.35717\include\xlocnum(1020,60): error C2065: 'PTRDIFF_MAX': undeclared identifier
  (compiling source file '../../../../Thirdparty/sqlitepp/sqlitepp/query.cpp')
  
C:\Program Files\Microsoft Visual Studio\18\Community\VC\Tools\MSVC\14.50.35717\include\xlocnum(1023,38): error C2065: 'PTRDIFF_MAX': undeclared identifier
  (compiling source file '../../../../Thirdparty/sqlitepp/sqlitepp/query.cpp')
  
  exception.cpp
C:\Program Files\Microsoft Visual Studio\18\Community\VC\Tools\MSVC\14.50.35717\include\xlocnum(1018,38): error C2065: 'PTRDIFF_MAX': undeclared identifier
  (compiling source file '../../../../Thirdparty/sqlitepp/sqlitepp/exception.cpp')
      C:\Program Files\Microsoft Visual Studio\18\Community\VC\Tools\MSVC\14.50.35717\include\xlocnum(1018,38):
      the template instantiation context (the oldest one first) is
          C:\Program Files\Microsoft Visual Studio\18\Community\VC\Tools\MSVC\14.50.35717\include\xlocnum(1652,105):
          see reference to class template instantiation 'std::num_get<wchar_t,std::istreambuf_iterator<wchar_t,std::char_traits<wchar_t>>>' being compiled
          C:\Program Files\Microsoft Visual Studio\18\Community\VC\Tools\MSVC\14.50.35717\include\xlocnum(579,38):
          while compiling class template member function '_InIt std::num_get<wchar_t,_InIt>::do_get(_InIt,_InIt,std::ios_base &,std::ios_base::iostate &,double &) const'
          with
          [
              _InIt=std::istreambuf_iterator<wchar_t,std::char_traits<wchar_t>>
          ]
              C:\Program Files\Microsoft Visual Studio\18\Community\VC\Tools\MSVC\14.50.35717\include\xlocnum(613,16):
              see the first reference to 'std::num_get<wchar_t,std::istreambuf_iterator<wchar_t,std::char_traits<wchar_t>>>::do_get' in 'std::num_get<wchar_t,std::istreambuf_iterator<wchar_t,std::char_traits<wchar_t>>>::do_get'
          C:\Program Files\Microsoft Visual Studio\18\Community\VC\Tools\MSVC\14.50.35717\include\xlocnum(584,13):
          see reference to function template instantiation 'std::_Num_get_parse_result std::num_get<wchar_t,std::istreambuf_iterator<wchar_t,std::char_traits<wchar_t>>>::_Parse_fp_with_locale<0>(char *const ,const int,_InIt &,_InIt &,const std::locale &)' being compiled
          with
          [
              _InIt=std::istreambuf_iterator<wchar_t,std::char_traits<wchar_t>>
          ]
  
C:\Program Files\Microsoft Visual Studio\18\Community\VC\Tools\MSVC\14.50.35717\include\xlocnum(1019,43): error C2065: 'PTRDIFF_MAX': undeclared identifier
  (compiling source file '../../../../Thirdparty/sqlitepp/sqlitepp/exception.cpp')
  
C:\Program Files\Microsoft Visual Studio\18\Community\VC\Tools\MSVC\14.50.35717\include\xlocnum(1020,60): error C2065: 'PTRDIFF_MAX': undeclared identifier
  (compiling source file '../../../../Thirdparty/sqlitepp/sqlitepp/exception.cpp')
  
C:\Program Files\Microsoft Visual Studio\18\Community\VC\Tools\MSVC\14.50.35717\include\xlocnum(1023,38): error C2065: 'PTRDIFF_MAX': undeclared identifier
  (compiling source file '../../../../Thirdparty/sqlitepp/sqlitepp/exception.cpp')
  
  binders.cpp
  Generating Code...
